<?xml version="1.0" encoding="UTF-8"?>
<testng-results skipped="0" failed="0" total="1" passed="1">
  <reporter-output>
  </reporter-output>
  <suite name="Test1" duration-ms="38" started-at="2019-11-18T14:28:59Z" finished-at="2019-11-18T14:28:59Z">
    <groups>
    </groups>
    <test name="Command line test" duration-ms="38" started-at="2019-11-18T14:28:59Z" finished-at="2019-11-18T14:28:59Z">
      <class name="Test1">
        <test-method status="PASS" signature="test1()[pri:0, instance:Test1@43a25848]" name="test1" duration-ms="16" started-at="2019-11-18T19:58:59Z" finished-at="2019-11-18T19:58:59Z">
          <reporter-output>
          </reporter-output>
        </test-method> <!-- test1 -->
      </class> <!-- Test1 -->
    </test> <!-- Command line test -->
  </suite> <!-- Test1 -->
</testng-results>
