<?xml version="1.0" encoding="UTF-8"?>
<testng-results skipped="0" failed="0" total="1" passed="1">
  <reporter-output>
  </reporter-output>
  <suite name="Default suite" duration-ms="65" started-at="2019-11-25T12:11:27Z" finished-at="2019-11-25T12:11:27Z">
    <groups>
    </groups>
    <test name="Default test" duration-ms="65" started-at="2019-11-25T12:11:27Z" finished-at="2019-11-25T12:11:27Z">
      <class name="Test1">
        <test-method status="PASS" signature="test1()[pri:0, instance:Test1@6ea12c19]" name="test1" duration-ms="31" started-at="2019-11-25T17:41:27Z" finished-at="2019-11-25T17:41:27Z">
          <reporter-output>
          </reporter-output>
        </test-method> <!-- test1 -->
      </class> <!-- Test1 -->
    </test> <!-- Default test -->
  </suite> <!-- Default suite -->
</testng-results>
